<?xml version="1.0" encoding="UTF-8"?>
<!-- Generated by org.testng.reporters.JUnitReportReporter -->
<testsuite hostname="ATMECSINDT-079" name="com.glukoo.testscript.SampleTestScript" tests="1" failures="0" timestamp="13 May 2016 06:39:29 GMT" time="4.668" errors="0">
  <testcase name="testScenario1" time="4.668" classname="com.glukoo.testscript.SampleTestScript"/>
</testsuite> <!-- com.glukoo.testscript.SampleTestScript -->
